Using pre-set license
Built from '2020.2/staging' branch; Version is '2020.2.6f1 (8a2143876886) revision 9052483'; Using compiler version '192528614'; Build Type 'Release'
OS: 'Windows 10 Pro; OS build 19041.867; Version 2004; 64bit' Language: 'es' Physical Memory: 8152 MB
BatchMode: 1, IsHumanControllingUs: 0, StartBugReporterOnCrash: 0, Is64bit: 1, IsPro: 0

 COMMAND LINE ARGUMENTS:
D:\Archivos de programa\2020.2.6f1\Editor\Unity.exe
-adb2
-batchMode
-noUpm
-name
AssetImportWorker0
-projectPath
D:/Developer/Unity/Curso2020/John Lemon
-logFile
Logs/AssetImportWorker0.log
-srvPort
55329
Successfully changed project path to: D:/Developer/Unity/Curso2020/John Lemon
D:/Developer/Unity/Curso2020/John Lemon
Using Asset Import Pipeline V2.
Refreshing native plugins compatible for Editor in 74.31 ms, found 0 plugins.
Preloading 0 native plugins for Editor in 0.00 ms.
Initialize engine version: 2020.2.6f1 (8a2143876886)
[Subsystems] Discovering subsystems at path D:/Archivos de programa/2020.2.6f1/Editor/Data/Resources/UnitySubsystems
[Subsystems] Discovering subsystems at path D:/Developer/Unity/Curso2020/John Lemon/Assets
GfxDevice: creating device client; threaded=0
Direct3D:
    Version:  Direct3D 11.0 [level 11.1]
    Renderer: NVIDIA GeForce GTX 1050 Ti (ID=0x1c82)
    Vendor:   
    VRAM:     4018 MB
    Driver:   27.21.14.6172
Initialize mono
Mono path[0] = 'D:/Archivos de programa/2020.2.6f1/Editor/Data/Managed'
Mono path[1] = 'D:/Archivos de programa/2020.2.6f1/Editor/Data/MonoBleedingEdge/lib/mono/unityjit'
Mono config path = 'D:/Archivos de programa/2020.2.6f1/Editor/Data/MonoBleedingEdge/etc'
Using monoOptions --debugger-agent=transport=dt_socket,embedding=1,server=y,suspend=n,address=127.0.0.1:56460
Begin MonoManager ReloadAssembly
Registering precompiled unity dll's ...
Register platform support module: D:/Archivos de programa/2020.2.6f1/Editor/Data/PlaybackEngines/WindowsStandaloneSupport/UnityEditor.WindowsStandalone.Extensions.dll
Registered in 0.002651 seconds.
Native extension for WindowsStandalone target not found
Refreshing native plugins compatible for Editor in 76.85 ms, found 0 plugins.
Preloading 0 native plugins for Editor in 0.00 ms.
Invoked RoslynAnalysisRunner static constructor.
RoslynAnalysisRunner will not be running.
RoslynAnalysisRunner has terminated.
Mono: successfully reloaded assembly
- Completed reload, in  4.900 seconds
Platform modules already initialized, skipping
Registering precompiled user dll's ...
Registered in 0.005607 seconds.
Begin MonoManager ReloadAssembly
Native extension for WindowsStandalone target not found
Refreshing native plugins compatible for Editor in 0.59 ms, found 0 plugins.
Preloading 0 native plugins for Editor in 0.00 ms.
Invoked RoslynAnalysisRunner static constructor.
RoslynAnalysisRunner will not be running.
RoslynAnalysisRunner has terminated.
Mono: successfully reloaded assembly
- Completed reload, in  1.476 seconds
Platform modules already initialized, skipping
========================================================================
Worker process is ready to serve import requests
Launched and connected shader compiler UnityShaderCompiler.exe after 0.11 seconds
Refreshing native plugins compatible for Editor in 0.58 ms, found 0 plugins.
Preloading 0 native plugins for Editor in 0.00 ms.
Unloading 1581 Unused Serialized files (Serialized files now loaded: 0)
System memory in use before: 148.8 MB.
System memory in use after: 148.9 MB.

Unloading 35 unused Assets to reduce memory usage. Loaded Objects now: 2014.
Total: 2.829900 ms (FindLiveObjects: 0.195400 ms CreateObjectMapping: 0.288400 ms MarkObjects: 2.193300 ms  DeleteObjects: 0.151000 ms)

========================================================================
Received Import Request.
  path: Assets/Scripts/PlayerController.cs
  artifactKey: Guid(1e125014576403947b043120b2eff26d) Importer(815301076,1909f56bfc062723c751e8b465ee728b)
Start importing Assets/Scripts/PlayerController.cs using Guid(1e125014576403947b043120b2eff26d) Importer(815301076,1909f56bfc062723c751e8b465ee728b)  -> (artifact id: 'c087e5150614387ff6ca517c18c26cd5') in 0.187204 seconds
  Import took 0.238909 seconds .

========================================================================
Received Import Request.
  Time since last request: 1062.823996 seconds.
  path: Assets/Materials/VFX/CandleFlame.mat
  artifactKey: Guid(d960d897cdc819041a73dceb80befb85) Importer(815301076,1909f56bfc062723c751e8b465ee728b)
Start importing Assets/Materials/VFX/CandleFlame.mat using Guid(d960d897cdc819041a73dceb80befb85) Importer(815301076,1909f56bfc062723c751e8b465ee728b)  -> (artifact id: '42721cc267d11f7893366c004fb5e8f6') in 0.734103 seconds
  Import took 0.755368 seconds .

========================================================================
Received Import Request.
  Time since last request: 0.000216 seconds.
  path: Assets/Materials/VFX/WaterDropSmall.mat
  artifactKey: Guid(c4d4365c3eeb8a54183f5af15699021d) Importer(815301076,1909f56bfc062723c751e8b465ee728b)
Start importing Assets/Materials/VFX/WaterDropSmall.mat using Guid(c4d4365c3eeb8a54183f5af15699021d) Importer(815301076,1909f56bfc062723c751e8b465ee728b)  -> (artifact id: '2bd228bfda5b48117782b7ee1aaa7fed') in 0.147396 seconds
  Import took 0.166579 seconds .

========================================================================
Received Import Request.
  Time since last request: 0.000387 seconds.
  path: Assets/Materials/VFX/PlaneFog.mat
  artifactKey: Guid(061fb137bedaf3e4fad039b9006afa93) Importer(815301076,1909f56bfc062723c751e8b465ee728b)
Start importing Assets/Materials/VFX/PlaneFog.mat using Guid(061fb137bedaf3e4fad039b9006afa93) Importer(815301076,1909f56bfc062723c751e8b465ee728b)  -> (artifact id: 'e7844c08c64ac63c9833ae6e33889b6a') in 0.084278 seconds
  Import took 0.104872 seconds .

========================================================================
Received Import Request.
  Time since last request: 0.000311 seconds.
  path: Assets/Materials/VFX/Skybox.mat
  artifactKey: Guid(6ee0d89101b323c4ea17b397eea7fb49) Importer(815301076,1909f56bfc062723c751e8b465ee728b)
Start importing Assets/Materials/VFX/Skybox.mat using Guid(6ee0d89101b323c4ea17b397eea7fb49) Importer(815301076,1909f56bfc062723c751e8b465ee728b)  -> (artifact id: '3d8aa52ac0b8bd2ffd1ec167c796a09a') in 0.066890 seconds
  Import took 0.080348 seconds .

========================================================================
Received Import Request.
  Time since last request: 0.000318 seconds.
  path: Assets/Materials/VFX/Emissive.mat
  artifactKey: Guid(effb672a2c71f0c40b7b1960d798968a) Importer(815301076,1909f56bfc062723c751e8b465ee728b)
Start importing Assets/Materials/VFX/Emissive.mat using Guid(effb672a2c71f0c40b7b1960d798968a) Importer(815301076,1909f56bfc062723c751e8b465ee728b)  -> (artifact id: '4438a74157938dae87a41dbfa5ab55f7') in 0.068400 seconds
  Import took 0.097622 seconds .

========================================================================
Received Import Request.
  Time since last request: 0.000333 seconds.
  path: Assets/Materials/VFX/DustMote.mat
  artifactKey: Guid(e27a3e2f84809914fa5bf3a7ac14ce9f) Importer(815301076,1909f56bfc062723c751e8b465ee728b)
Start importing Assets/Materials/VFX/DustMote.mat using Guid(e27a3e2f84809914fa5bf3a7ac14ce9f) Importer(815301076,1909f56bfc062723c751e8b465ee728b)  -> (artifact id: '5e29525952883f0ebfaba65f94def032') in 0.064687 seconds
  Import took 0.077734 seconds .

========================================================================
Received Import Request.
  Time since last request: 0.000321 seconds.
  path: Assets/Materials/VFX/Steam.mat
  artifactKey: Guid(4cd7f6cf6430b2347803bd0c957fbbce) Importer(815301076,1909f56bfc062723c751e8b465ee728b)
Start importing Assets/Materials/VFX/Steam.mat using Guid(4cd7f6cf6430b2347803bd0c957fbbce) Importer(815301076,1909f56bfc062723c751e8b465ee728b)  -> (artifact id: 'dedb8377a7b8181ed4806c94d89ce8b1') in 0.069862 seconds
  Import took 0.084757 seconds .

========================================================================
Received Import Request.
  Time since last request: 0.000337 seconds.
  path: Assets/Materials/VFX/Splash.mat
  artifactKey: Guid(e9f88b6d5b7b7f24c8b3dc6b70f06653) Importer(815301076,1909f56bfc062723c751e8b465ee728b)
Start importing Assets/Materials/VFX/Splash.mat using Guid(e9f88b6d5b7b7f24c8b3dc6b70f06653) Importer(815301076,1909f56bfc062723c751e8b465ee728b)  -> (artifact id: '58079e93065955669b2d51967bc6a316') in 2.568210 seconds
  Import took 2.589594 seconds .

========================================================================
Received Import Request.
  Time since last request: 3.878613 seconds.
  path: Assets/Gizmos/Cinemachine/cm_logo_lg.png
  artifactKey: Guid(d0ceea9f3e3fc1d4e8656992705ebec1) Importer(815301076,1909f56bfc062723c751e8b465ee728b)
Start importing Assets/Gizmos/Cinemachine/cm_logo_lg.png using Guid(d0ceea9f3e3fc1d4e8656992705ebec1) Importer(815301076,1909f56bfc062723c751e8b465ee728b)  -> (artifact id: 'b46c3f00b53d2f132350ac1eee0aae5a') in 0.179321 seconds
  Import took 0.191105 seconds .

========================================================================
Received Import Request.
  Time since last request: 34.073655 seconds.
  path: Assets/TutorialInfo/Icons/Help_Icon.png
  artifactKey: Guid(a186f8a87ca4f4d3aa864638ad5dfb65) Importer(815301076,1909f56bfc062723c751e8b465ee728b)
Start importing Assets/TutorialInfo/Icons/Help_Icon.png using Guid(a186f8a87ca4f4d3aa864638ad5dfb65) Importer(815301076,1909f56bfc062723c751e8b465ee728b)  -> (artifact id: '47391f4001003fc026bfe6567cd15b5d') in 0.035157 seconds
  Import took 0.054541 seconds .

========================================================================
Received Import Request.
  Time since last request: 0.000332 seconds.
  path: Assets/TutorialInfo/Icons/icon_tutorial_package.png
  artifactKey: Guid(6756ed7b80223ac4e8f026ce27541de4) Importer(815301076,1909f56bfc062723c751e8b465ee728b)
Start importing Assets/TutorialInfo/Icons/icon_tutorial_package.png using Guid(6756ed7b80223ac4e8f026ce27541de4) Importer(815301076,1909f56bfc062723c751e8b465ee728b)  -> (artifact id: '25ddf9f8d41d7d77869f80c9adbd5c04') in 0.046867 seconds
  Import took 0.067406 seconds .

========================================================================
Received Import Request.
  Time since last request: 611.589854 seconds.
  path: Assets/Materials/DiningRoom/Table.mat
  artifactKey: Guid(147dac9aa1b5dd149a5ad652019e5ac8) Importer(815301076,1909f56bfc062723c751e8b465ee728b)
Start importing Assets/Materials/DiningRoom/Table.mat using Guid(147dac9aa1b5dd149a5ad652019e5ac8) Importer(815301076,1909f56bfc062723c751e8b465ee728b)  -> (artifact id: '6874c167bd0f2e83a5a1da4e8590a42b') in 0.586588 seconds
  Import took 0.614666 seconds .

========================================================================
Received Import Request.
  Time since last request: 0.000557 seconds.
  path: Assets/Materials/BedRoom/Wall_Bedroom.mat
  artifactKey: Guid(a1d7f57e6086c9a4bb159a2e0cfb2228) Importer(815301076,1909f56bfc062723c751e8b465ee728b)
Start importing Assets/Materials/BedRoom/Wall_Bedroom.mat using Guid(a1d7f57e6086c9a4bb159a2e0cfb2228) Importer(815301076,1909f56bfc062723c751e8b465ee728b)  -> (artifact id: '791e5d7f03de5a3b1c8dd8814776fd56') in 0.334317 seconds
  Import took 0.358553 seconds .

========================================================================
Received Import Request.
  Time since last request: 0.000249 seconds.
  path: Assets/Materials/BedRoom/Wardrobe.mat
  artifactKey: Guid(9e2335d028e7ab645970536c61cf4aac) Importer(815301076,1909f56bfc062723c751e8b465ee728b)
Start importing Assets/Materials/BedRoom/Wardrobe.mat using Guid(9e2335d028e7ab645970536c61cf4aac) Importer(815301076,1909f56bfc062723c751e8b465ee728b)  -> (artifact id: 'e70896c34902ed656a0fbd0576171eba') in 0.136175 seconds
  Import took 0.141927 seconds .

========================================================================
Received Import Request.
  Time since last request: 0.000283 seconds.
  path: Assets/Materials/DiningRoom/Wall_Diningroom.mat
  artifactKey: Guid(af5618451dbad9c4a913f502e5c7df1e) Importer(815301076,1909f56bfc062723c751e8b465ee728b)
Start importing Assets/Materials/DiningRoom/Wall_Diningroom.mat using Guid(af5618451dbad9c4a913f502e5c7df1e) Importer(815301076,1909f56bfc062723c751e8b465ee728b)  -> (artifact id: '4698bf042d1fb21c0062bfd2decd479e') in 0.195329 seconds
  Import took 0.201287 seconds .

========================================================================
Received Import Request.
  Time since last request: 0.000252 seconds.
  path: Assets/Materials/DiningRoom/Table.mat
  artifactKey: Guid(147dac9aa1b5dd149a5ad652019e5ac8) Importer(815301076,1909f56bfc062723c751e8b465ee728b)
Start importing Assets/Materials/DiningRoom/Table.mat using Guid(147dac9aa1b5dd149a5ad652019e5ac8) Importer(815301076,1909f56bfc062723c751e8b465ee728b)  -> (artifact id: '6874c167bd0f2e83a5a1da4e8590a42b') in 0.038193 seconds
  Import took 0.042527 seconds .

========================================================================
Received Import Request.
  Time since last request: 0.000252 seconds.
  path: Assets/Materials/Bathroom/Wall_Bathroom.mat
  artifactKey: Guid(785750043eaf5004da3d0b54f39941c1) Importer(815301076,1909f56bfc062723c751e8b465ee728b)
Start importing Assets/Materials/Bathroom/Wall_Bathroom.mat using Guid(785750043eaf5004da3d0b54f39941c1) Importer(815301076,1909f56bfc062723c751e8b465ee728b)  -> (artifact id: '4e97bd61ae2d06b96d39f54f8c8b20a4') in 0.255294 seconds
  Import took 0.281376 seconds .

========================================================================
Received Import Request.
  Time since last request: 0.000280 seconds.
  path: Assets/Materials/Corridor/Wall_Corridor.mat
  artifactKey: Guid(b6a0ac0240204cb4ea4b84d1e2dab2b5) Importer(815301076,1909f56bfc062723c751e8b465ee728b)
Start importing Assets/Materials/Corridor/Wall_Corridor.mat using Guid(b6a0ac0240204cb4ea4b84d1e2dab2b5) Importer(815301076,1909f56bfc062723c751e8b465ee728b)  -> (artifact id: '5f8a8e1bfa671a400e875131747c9bde') in 0.222886 seconds
  Import took 0.228029 seconds .

========================================================================
Received Import Request.
  Time since last request: 0.000240 seconds.
  path: Assets/Materials/Corridor/Window.mat
  artifactKey: Guid(5d7f4ca07121e414288c4908a4803bed) Importer(815301076,1909f56bfc062723c751e8b465ee728b)
Start importing Assets/Materials/Corridor/Window.mat using Guid(5d7f4ca07121e414288c4908a4803bed) Importer(815301076,1909f56bfc062723c751e8b465ee728b)  -> (artifact id: '8be153488b8270ee153e4fae71f37aab') in 0.208743 seconds
  Import took 0.232272 seconds .

========================================================================
Received Import Request.
  Time since last request: 0.000343 seconds.
  path: Assets/Materials/Bathroom/Walls.mat
  artifactKey: Guid(9dab67fd89e742e45a9d885d6e1e14a2) Importer(815301076,1909f56bfc062723c751e8b465ee728b)
Start importing Assets/Materials/Bathroom/Walls.mat using Guid(9dab67fd89e742e45a9d885d6e1e14a2) Importer(815301076,1909f56bfc062723c751e8b465ee728b)  -> (artifact id: '5a60bdd4b4f7e9ef6d4a7ce05f0bbb3a') in 0.073798 seconds
  Import took 0.104907 seconds .

========================================================================
Received Import Request.
  Time since last request: 41.727380 seconds.
  path: Assets/Settings.lighting
  artifactKey: Guid(25942104d66932d4194401c7fff0e816) Importer(815301076,1909f56bfc062723c751e8b465ee728b)
Start importing Assets/Settings.lighting using Guid(25942104d66932d4194401c7fff0e816) Importer(815301076,1909f56bfc062723c751e8b465ee728b)  -> (artifact id: 'b2657eccbff4df62955f5e7dbd508c9a') in 0.026249 seconds
  Import took 0.044263 seconds .

========================================================================
Received Prepare
Registering precompiled user dll's ...
Registered in 0.032263 seconds.
Begin MonoManager ReloadAssembly
Native extension for WindowsStandalone target not found
Refreshing native plugins compatible for Editor in 0.64 ms, found 0 plugins.
Preloading 0 native plugins for Editor in 0.00 ms.
Invoked RoslynAnalysisRunner static constructor.
RoslynAnalysisRunner will not be running.
RoslynAnalysisRunner has terminated.
Mono: successfully reloaded assembly
- Completed reload, in  1.433 seconds
Platform modules already initialized, skipping
Refreshing native plugins compatible for Editor in 0.68 ms, found 0 plugins.
Preloading 0 native plugins for Editor in 0.00 ms.
Unloading 1543 Unused Serialized files (Serialized files now loaded: 0)
System memory in use before: 149.7 MB.
System memory in use after: 149.8 MB.

Unloading 26 unused Assets to reduce memory usage. Loaded Objects now: 2060.
Total: 4.658300 ms (FindLiveObjects: 1.277100 ms CreateObjectMapping: 0.165200 ms MarkObjects: 3.104500 ms  DeleteObjects: 0.109000 ms)

========================================================================
Received Prepare
Registering precompiled user dll's ...
Registered in 0.004667 seconds.
Begin MonoManager ReloadAssembly
Native extension for WindowsStandalone target not found
Refreshing native plugins compatible for Editor in 0.68 ms, found 0 plugins.
Preloading 0 native plugins for Editor in 0.00 ms.
Invoked RoslynAnalysisRunner static constructor.
RoslynAnalysisRunner will not be running.
RoslynAnalysisRunner has terminated.
Mono: successfully reloaded assembly
- Completed reload, in  1.222 seconds
Platform modules already initialized, skipping
Refreshing native plugins compatible for Editor in 0.61 ms, found 0 plugins.
Preloading 0 native plugins for Editor in 0.00 ms.
Unloading 1543 Unused Serialized files (Serialized files now loaded: 0)
System memory in use before: 149.8 MB.
System memory in use after: 149.9 MB.

Unloading 26 unused Assets to reduce memory usage. Loaded Objects now: 2062.
Total: 2.700200 ms (FindLiveObjects: 0.297500 ms CreateObjectMapping: 0.171800 ms MarkObjects: 2.129300 ms  DeleteObjects: 0.099400 ms)

========================================================================
Received Prepare
Registering precompiled user dll's ...
Registered in 0.004760 seconds.
Begin MonoManager ReloadAssembly
Native extension for WindowsStandalone target not found
Refreshing native plugins compatible for Editor in 0.60 ms, found 0 plugins.
Preloading 0 native plugins for Editor in 0.00 ms.
Invoked RoslynAnalysisRunner static constructor.
RoslynAnalysisRunner will not be running.
RoslynAnalysisRunner has terminated.
Mono: successfully reloaded assembly
- Completed reload, in  1.318 seconds
Platform modules already initialized, skipping
Refreshing native plugins compatible for Editor in 0.67 ms, found 0 plugins.
Preloading 0 native plugins for Editor in 0.00 ms.
Unloading 1543 Unused Serialized files (Serialized files now loaded: 0)
System memory in use before: 149.8 MB.
System memory in use after: 149.9 MB.

Unloading 26 unused Assets to reduce memory usage. Loaded Objects now: 2064.
Total: 2.860700 ms (FindLiveObjects: 0.292100 ms CreateObjectMapping: 0.298300 ms MarkObjects: 2.174500 ms  DeleteObjects: 0.093700 ms)

========================================================================
Received Prepare
Registering precompiled user dll's ...
Registered in 0.006560 seconds.
Begin MonoManager ReloadAssembly
Native extension for WindowsStandalone target not found
Refreshing native plugins compatible for Editor in 0.59 ms, found 0 plugins.
Preloading 0 native plugins for Editor in 0.00 ms.
Invoked RoslynAnalysisRunner static constructor.
RoslynAnalysisRunner will not be running.
RoslynAnalysisRunner has terminated.
Mono: successfully reloaded assembly
- Completed reload, in  1.264 seconds
Platform modules already initialized, skipping
Refreshing native plugins compatible for Editor in 0.60 ms, found 0 plugins.
Preloading 0 native plugins for Editor in 0.00 ms.
Unloading 1543 Unused Serialized files (Serialized files now loaded: 0)
System memory in use before: 149.8 MB.
System memory in use after: 149.9 MB.

Unloading 26 unused Assets to reduce memory usage. Loaded Objects now: 2066.
Total: 2.720400 ms (FindLiveObjects: 0.219500 ms CreateObjectMapping: 0.146100 ms MarkObjects: 2.262200 ms  DeleteObjects: 0.090500 ms)

========================================================================
Received Prepare
Registering precompiled user dll's ...
Registered in 0.005027 seconds.
Begin MonoManager ReloadAssembly
Native extension for WindowsStandalone target not found
Refreshing native plugins compatible for Editor in 0.60 ms, found 0 plugins.
Preloading 0 native plugins for Editor in 0.00 ms.
Invoked RoslynAnalysisRunner static constructor.
RoslynAnalysisRunner will not be running.
RoslynAnalysisRunner has terminated.
Mono: successfully reloaded assembly
- Completed reload, in  1.271 seconds
Platform modules already initialized, skipping
Refreshing native plugins compatible for Editor in 0.64 ms, found 0 plugins.
Preloading 0 native plugins for Editor in 0.00 ms.
Unloading 1543 Unused Serialized files (Serialized files now loaded: 0)
System memory in use before: 149.8 MB.
System memory in use after: 149.9 MB.

Unloading 26 unused Assets to reduce memory usage. Loaded Objects now: 2068.
Total: 2.983100 ms (FindLiveObjects: 0.555600 ms CreateObjectMapping: 0.174000 ms MarkObjects: 2.166000 ms  DeleteObjects: 0.085700 ms)

========================================================================
Received Import Request.
  Time since last request: 4885.563875 seconds.
  path: Assets/Animation/Animators/JohnLemon.controller
  artifactKey: Guid(7f0e8e8552e2a0345af314f49b50dbb9) Importer(815301076,1909f56bfc062723c751e8b465ee728b)
Start importing Assets/Animation/Animators/JohnLemon.controller using Guid(7f0e8e8552e2a0345af314f49b50dbb9) Importer(815301076,1909f56bfc062723c751e8b465ee728b)  -> (artifact id: 'ab82c62724821aefb6faea09cad97e99') in 0.126295 seconds
  Import took 0.150490 seconds .

========================================================================
Received Import Request.
  Time since last request: 2.952806 seconds.
  path: Assets/Animation/Animators/JohnLemon.controller
  artifactKey: Guid(7f0e8e8552e2a0345af314f49b50dbb9) Importer(815301076,1909f56bfc062723c751e8b465ee728b)
Start importing Assets/Animation/Animators/JohnLemon.controller using Guid(7f0e8e8552e2a0345af314f49b50dbb9) Importer(815301076,1909f56bfc062723c751e8b465ee728b)  -> (artifact id: '3f838844ddbcfda3cff3f1f2e9e5dc19') in 0.013463 seconds
  Import took 0.017337 seconds .

========================================================================
Received Import Request.
  Time since last request: 1688.925898 seconds.
  path: ProjectSettings/TagManager.asset
  artifactKey: Guid(00000000000000003000000000000000) Importer(815301076,1909f56bfc062723c751e8b465ee728b)
Start importing ProjectSettings/TagManager.asset using Guid(00000000000000003000000000000000) Importer(815301076,1909f56bfc062723c751e8b465ee728b)  -> (artifact id: 'bfe9282ef8090b88199819c156ab0028') in 0.014096 seconds
  Import took 0.028654 seconds .

========================================================================
Received Import Request.
  Time since last request: 0.008694 seconds.
  path: ProjectSettings/TagManager.asset
  artifactKey: Guid(00000000000000003000000000000000) Importer(815301076,1909f56bfc062723c751e8b465ee728b)
Start importing ProjectSettings/TagManager.asset using Guid(00000000000000003000000000000000) Importer(815301076,1909f56bfc062723c751e8b465ee728b)  -> (artifact id: 'bfe9282ef8090b88199819c156ab0028') in 0.004848 seconds
  Import took 0.008361 seconds .

========================================================================
Received Import Request.
  Time since last request: 540.059586 seconds.
  path: Assets/Scenes/Main Scene_Profiles
  artifactKey: Guid(6748b90f2016abf4ca56b747bc66a042) Importer(815301076,1909f56bfc062723c751e8b465ee728b)
Start importing Assets/Scenes/Main Scene_Profiles using Guid(6748b90f2016abf4ca56b747bc66a042) Importer(815301076,1909f56bfc062723c751e8b465ee728b)  -> (artifact id: 'bbaf51677066625cc59e0e40b33218ec') in 0.010521 seconds
  Import took 0.028856 seconds .

========================================================================
Received Import Request.
  Time since last request: 1.852383 seconds.
  path: Assets/Scenes/Main Scene_Profiles/Global Post Profile.asset
  artifactKey: Guid(8a7886cb66fc566458e93dcdd7ce1831) Importer(815301076,1909f56bfc062723c751e8b465ee728b)
Start importing Assets/Scenes/Main Scene_Profiles/Global Post Profile.asset using Guid(8a7886cb66fc566458e93dcdd7ce1831) Importer(815301076,1909f56bfc062723c751e8b465ee728b)  -> (artifact id: '8e32161a4abda668b2330d2a23f5e59d') in 0.010920 seconds
  Import took 0.014629 seconds .

========================================================================
Received Import Request.
  Time since last request: 4.218208 seconds.
  path: Assets/Scenes/Main Scene
  artifactKey: Guid(b5ea9364679e06a42a637b553e89180d) Importer(815301076,1909f56bfc062723c751e8b465ee728b)
Start importing Assets/Scenes/Main Scene using Guid(b5ea9364679e06a42a637b553e89180d) Importer(815301076,1909f56bfc062723c751e8b465ee728b)  -> (artifact id: '6699dad931eda1bc46d15a3f9e385282') in 0.010281 seconds
  Import took 0.020085 seconds .

========================================================================
Received Import Request.
  Time since last request: 0.070255 seconds.
  path: Assets/Scenes/Main Scene/LightingData.asset
  artifactKey: Guid(e34cc08cf47fc8841bc6c16f4cffa707) Importer(815301076,1909f56bfc062723c751e8b465ee728b)
Start importing Assets/Scenes/Main Scene/LightingData.asset using Guid(e34cc08cf47fc8841bc6c16f4cffa707) Importer(815301076,1909f56bfc062723c751e8b465ee728b)  -> (artifact id: 'e5cf6157bc07953e8fa2b6f025038dba') in 0.009518 seconds
  Import took 0.018630 seconds .

========================================================================
Received Import Request.
  Time since last request: 0.000308 seconds.
  path: Assets/Scenes/Main Scene/ReflectionProbe-0.exr
  artifactKey: Guid(4695add6c11c59e4eb7eca90ccae0f7c) Importer(815301076,1909f56bfc062723c751e8b465ee728b)
Start importing Assets/Scenes/Main Scene/ReflectionProbe-0.exr using Guid(4695add6c11c59e4eb7eca90ccae0f7c) Importer(815301076,1909f56bfc062723c751e8b465ee728b)  -> (artifact id: 'f411437d3281794d3d0dc6c4d5e3b363') in 0.135921 seconds
  Import took 0.148179 seconds .

========================================================================
Received Import Request.
  Time since last request: 0.000281 seconds.
  path: Assets/Scenes/Main Scene/NavMesh.asset
  artifactKey: Guid(c8ce2d2d078fd3f48ab664148cd36ffc) Importer(815301076,1909f56bfc062723c751e8b465ee728b)
Start importing Assets/Scenes/Main Scene/NavMesh.asset using Guid(c8ce2d2d078fd3f48ab664148cd36ffc) Importer(815301076,1909f56bfc062723c751e8b465ee728b)  -> (artifact id: 'f48cbd8100629c80db86b785d8ef48eb') in 0.010715 seconds
  Import took 0.022077 seconds .

========================================================================
Received Import Request.
  Time since last request: 0.000244 seconds.
  path: Assets/Scenes/Main Scene/ReflectionProbe-1.exr
  artifactKey: Guid(1419445fb5fae164db3f5bdc844cde4a) Importer(815301076,1909f56bfc062723c751e8b465ee728b)
Start importing Assets/Scenes/Main Scene/ReflectionProbe-1.exr using Guid(1419445fb5fae164db3f5bdc844cde4a) Importer(815301076,1909f56bfc062723c751e8b465ee728b)  -> (artifact id: '67e45f5c5fc1b7208e58c8aa7ce05940') in 0.035745 seconds
  Import took 0.046816 seconds .

========================================================================
Received Import Request.
  Time since last request: 102.797981 seconds.
  path: Assets/Scenes/Main Scene_Profiles/Global Post Profile.asset
  artifactKey: Guid(8a7886cb66fc566458e93dcdd7ce1831) Importer(815301076,1909f56bfc062723c751e8b465ee728b)
Start importing Assets/Scenes/Main Scene_Profiles/Global Post Profile.asset using Guid(8a7886cb66fc566458e93dcdd7ce1831) Importer(815301076,1909f56bfc062723c751e8b465ee728b)  -> (artifact id: '248899f5cc8cb2b585f07c8942fa34bb') in 0.053619 seconds
  Import took 0.081898 seconds .

========================================================================
Received Import Request.
  Time since last request: 415.505355 seconds.
  path: Assets/Scenes/Main Scene_Profiles/Global Post Profile.asset
  artifactKey: Guid(8a7886cb66fc566458e93dcdd7ce1831) Importer(815301076,1909f56bfc062723c751e8b465ee728b)
Start importing Assets/Scenes/Main Scene_Profiles/Global Post Profile.asset using Guid(8a7886cb66fc566458e93dcdd7ce1831) Importer(815301076,1909f56bfc062723c751e8b465ee728b)  -> (artifact id: '764fb492ac18b3700a4c43a98034f4ab') in 0.015514 seconds
  Import took 0.035068 seconds .

========================================================================
Received Import Request.
  Time since last request: 204.297118 seconds.
  path: Assets/Scenes/Main Scene_Profiles/Global Post Profile.asset
  artifactKey: Guid(8a7886cb66fc566458e93dcdd7ce1831) Importer(815301076,1909f56bfc062723c751e8b465ee728b)
Start importing Assets/Scenes/Main Scene_Profiles/Global Post Profile.asset using Guid(8a7886cb66fc566458e93dcdd7ce1831) Importer(815301076,1909f56bfc062723c751e8b465ee728b)  -> (artifact id: '740360e3401c2f99cf4f7d11816538e9') in 0.018613 seconds
  Import took 0.029310 seconds .

========================================================================
Received Import Request.
  Time since last request: 181.092720 seconds.
  path: Assets/Scenes/Main Scene_Profiles/Global Post Profile.asset
  artifactKey: Guid(8a7886cb66fc566458e93dcdd7ce1831) Importer(815301076,1909f56bfc062723c751e8b465ee728b)
Start importing Assets/Scenes/Main Scene_Profiles/Global Post Profile.asset using Guid(8a7886cb66fc566458e93dcdd7ce1831) Importer(815301076,1909f56bfc062723c751e8b465ee728b)  -> (artifact id: '5b1fdd016b9e7db8df4d4f1d2cf361e4') in 0.014305 seconds
  Import took 0.020236 seconds .

========================================================================
Received Import Request.
  Time since last request: 172.657393 seconds.
  path: Assets/Scenes/Main Scene_Profiles/Global Post Profile.asset
  artifactKey: Guid(8a7886cb66fc566458e93dcdd7ce1831) Importer(815301076,1909f56bfc062723c751e8b465ee728b)
Start importing Assets/Scenes/Main Scene_Profiles/Global Post Profile.asset using Guid(8a7886cb66fc566458e93dcdd7ce1831) Importer(815301076,1909f56bfc062723c751e8b465ee728b)  -> (artifact id: 'cb93a68151fdd05eb87a67b6e5c38891') in 0.011918 seconds
  Import took 0.029824 seconds .

========================================================================
Received Prepare
Registering precompiled user dll's ...
Registered in 0.005384 seconds.
Begin MonoManager ReloadAssembly
Native extension for WindowsStandalone target not found
Refreshing native plugins compatible for Editor in 0.64 ms, found 0 plugins.
Preloading 0 native plugins for Editor in 0.00 ms.
Invoked RoslynAnalysisRunner static constructor.
RoslynAnalysisRunner will not be running.
RoslynAnalysisRunner has terminated.
Mono: successfully reloaded assembly
- Completed reload, in  1.327 seconds
Platform modules already initialized, skipping
Refreshing native plugins compatible for Editor in 0.80 ms, found 0 plugins.
Preloading 0 native plugins for Editor in 0.00 ms.
Unloading 1543 Unused Serialized files (Serialized files now loaded: 0)
System memory in use before: 149.9 MB.
System memory in use after: 150.0 MB.

Unloading 28 unused Assets to reduce memory usage. Loaded Objects now: 2073.
Total: 2.264700 ms (FindLiveObjects: 0.218500 ms CreateObjectMapping: 0.073700 ms MarkObjects: 1.875500 ms  DeleteObjects: 0.094900 ms)

========================================================================
Received Import Request.
  Time since last request: 293.038351 seconds.
  path: Assets/Scenes/Main Scene_Profiles/Global Post Profile.asset
  artifactKey: Guid(8a7886cb66fc566458e93dcdd7ce1831) Importer(815301076,1909f56bfc062723c751e8b465ee728b)
Start importing Assets/Scenes/Main Scene_Profiles/Global Post Profile.asset using Guid(8a7886cb66fc566458e93dcdd7ce1831) Importer(815301076,1909f56bfc062723c751e8b465ee728b)  -> (artifact id: '81d9afdb6781ff724cccad3cb9674d14') in 0.094064 seconds
  Import took 0.116897 seconds .

========================================================================
Received Import Request.
  Time since last request: 646.635075 seconds.
  path: Assets/Textures/UI/Caught.png
  artifactKey: Guid(85d46c7add1129741a0d78fadba6998e) Importer(815301076,1909f56bfc062723c751e8b465ee728b)
Start importing Assets/Textures/UI/Caught.png using Guid(85d46c7add1129741a0d78fadba6998e) Importer(815301076,1909f56bfc062723c751e8b465ee728b)  -> (artifact id: '9ab8137240ffbaf888213393ca7e1bd3') in 0.228197 seconds
  Import took 0.248903 seconds .

========================================================================
Received Import Request.
  Time since last request: 0.000458 seconds.
  path: Assets/Textures/VFX/DustMote.png
  artifactKey: Guid(394e93ce356b57344903a08ff72fcab2) Importer(815301076,1909f56bfc062723c751e8b465ee728b)
Start importing Assets/Textures/VFX/DustMote.png using Guid(394e93ce356b57344903a08ff72fcab2) Importer(815301076,1909f56bfc062723c751e8b465ee728b)  -> (artifact id: 'fc04b05df96a8a8e274c37c3e21b11b7') in 0.046897 seconds
  Import took 0.059481 seconds .

========================================================================
Received Import Request.
  Time since last request: 0.000403 seconds.
  path: Assets/Textures/UI/Won.png
  artifactKey: Guid(623a7345ca6d38f4280b86c32ffe7c15) Importer(815301076,1909f56bfc062723c751e8b465ee728b)
Start importing Assets/Textures/UI/Won.png using Guid(623a7345ca6d38f4280b86c32ffe7c15) Importer(815301076,1909f56bfc062723c751e8b465ee728b)  -> (artifact id: '149a5d7f56aff1addf5d6b1515f6404f') in 0.115632 seconds
  Import took 0.119609 seconds .

========================================================================
Received Import Request.
  Time since last request: 0.000221 seconds.
  path: Assets/Textures/UI/Caught.png
  artifactKey: Guid(85d46c7add1129741a0d78fadba6998e) Importer(815301076,1909f56bfc062723c751e8b465ee728b)
Start importing Assets/Textures/UI/Caught.png using Guid(85d46c7add1129741a0d78fadba6998e) Importer(815301076,1909f56bfc062723c751e8b465ee728b)  -> (artifact id: '9ab8137240ffbaf888213393ca7e1bd3') in 0.031373 seconds
  Import took 0.035251 seconds .

========================================================================
Received Import Request.
  Time since last request: 0.000265 seconds.
  path: Assets/Textures/UI/Won.png
  artifactKey: Guid(623a7345ca6d38f4280b86c32ffe7c15) Importer(815301076,1909f56bfc062723c751e8b465ee728b)
Start importing Assets/Textures/UI/Won.png using Guid(623a7345ca6d38f4280b86c32ffe7c15) Importer(815301076,1909f56bfc062723c751e8b465ee728b)  -> (artifact id: '149a5d7f56aff1addf5d6b1515f6404f') in 0.025882 seconds
  Import took 0.029284 seconds .

========================================================================
Received Import Request.
  Time since last request: 1411.230316 seconds.
  path: Assets/Scripts/GameEnding.cs
  artifactKey: Guid(8e9909b63c56d9040bac1cf0a5ca6c2a) Importer(815301076,1909f56bfc062723c751e8b465ee728b)
Start importing Assets/Scripts/GameEnding.cs using Guid(8e9909b63c56d9040bac1cf0a5ca6c2a) Importer(815301076,1909f56bfc062723c751e8b465ee728b)  -> (artifact id: '45184b55b2899fffd9ba2f441e2014e3') in 0.013364 seconds
  Import took 0.028408 seconds .

========================================================================
Received Prepare
Registering precompiled user dll's ...
Registered in 0.004912 seconds.
Begin MonoManager ReloadAssembly
Native extension for WindowsStandalone target not found
Refreshing native plugins compatible for Editor in 0.64 ms, found 0 plugins.
Preloading 0 native plugins for Editor in 0.00 ms.
Invoked RoslynAnalysisRunner static constructor.
RoslynAnalysisRunner will not be running.
RoslynAnalysisRunner has terminated.
Mono: successfully reloaded assembly
- Completed reload, in  1.303 seconds
Platform modules already initialized, skipping
Refreshing native plugins compatible for Editor in 0.61 ms, found 0 plugins.
Preloading 0 native plugins for Editor in 0.00 ms.
Unloading 1544 Unused Serialized files (Serialized files now loaded: 0)
System memory in use before: 149.9 MB.
System memory in use after: 150.0 MB.

Unloading 26 unused Assets to reduce memory usage. Loaded Objects now: 2077.
Total: 2.860800 ms (FindLiveObjects: 0.209500 ms CreateObjectMapping: 0.141400 ms MarkObjects: 2.410000 ms  DeleteObjects: 0.098400 ms)

========================================================================
Received Prepare
Registering precompiled user dll's ...
Registered in 0.005083 seconds.
Begin MonoManager ReloadAssembly
Native extension for WindowsStandalone target not found
Refreshing native plugins compatible for Editor in 0.85 ms, found 0 plugins.
Preloading 0 native plugins for Editor in 0.00 ms.
Invoked RoslynAnalysisRunner static constructor.
RoslynAnalysisRunner will not be running.
RoslynAnalysisRunner has terminated.
Mono: successfully reloaded assembly
- Completed reload, in  1.650 seconds
Platform modules already initialized, skipping
Refreshing native plugins compatible for Editor in 0.68 ms, found 0 plugins.
Preloading 0 native plugins for Editor in 0.00 ms.
Unloading 1544 Unused Serialized files (Serialized files now loaded: 0)
System memory in use before: 149.9 MB.
System memory in use after: 150.0 MB.

Unloading 26 unused Assets to reduce memory usage. Loaded Objects now: 2079.
Total: 2.748200 ms (FindLiveObjects: 0.279200 ms CreateObjectMapping: 0.167000 ms MarkObjects: 2.201900 ms  DeleteObjects: 0.097800 ms)

========================================================================
Received Prepare
Registering precompiled user dll's ...
Registered in 0.006283 seconds.
Begin MonoManager ReloadAssembly
Native extension for WindowsStandalone target not found
Refreshing native plugins compatible for Editor in 0.63 ms, found 0 plugins.
Preloading 0 native plugins for Editor in 0.00 ms.
Invoked RoslynAnalysisRunner static constructor.
RoslynAnalysisRunner will not be running.
RoslynAnalysisRunner has terminated.
Mono: successfully reloaded assembly
- Completed reload, in  1.598 seconds
Platform modules already initialized, skipping
Refreshing native plugins compatible for Editor in 0.60 ms, found 0 plugins.
Preloading 0 native plugins for Editor in 0.00 ms.
Unloading 1544 Unused Serialized files (Serialized files now loaded: 0)
System memory in use before: 150.0 MB.
System memory in use after: 150.0 MB.

Unloading 26 unused Assets to reduce memory usage. Loaded Objects now: 2081.
Total: 2.952800 ms (FindLiveObjects: 0.231100 ms CreateObjectMapping: 0.125200 ms MarkObjects: 2.504800 ms  DeleteObjects: 0.089900 ms)

========================================================================
Received Prepare
Registering precompiled user dll's ...
Registered in 0.004815 seconds.
Begin MonoManager ReloadAssembly
Native extension for WindowsStandalone target not found
Refreshing native plugins compatible for Editor in 0.61 ms, found 0 plugins.
Preloading 0 native plugins for Editor in 0.00 ms.
Invoked RoslynAnalysisRunner static constructor.
RoslynAnalysisRunner will not be running.
RoslynAnalysisRunner has terminated.
Mono: successfully reloaded assembly
- Completed reload, in  1.327 seconds
Platform modules already initialized, skipping
Refreshing native plugins compatible for Editor in 0.61 ms, found 0 plugins.
Preloading 0 native plugins for Editor in 0.00 ms.
Unloading 1544 Unused Serialized files (Serialized files now loaded: 0)
System memory in use before: 150.0 MB.
System memory in use after: 150.0 MB.

Unloading 26 unused Assets to reduce memory usage. Loaded Objects now: 2083.
Total: 2.966400 ms (FindLiveObjects: 0.856200 ms CreateObjectMapping: 0.134700 ms MarkObjects: 1.871200 ms  DeleteObjects: 0.102500 ms)

========================================================================
Received Prepare
Registering precompiled user dll's ...
Registered in 0.004712 seconds.
Begin MonoManager ReloadAssembly
Native extension for WindowsStandalone target not found
Refreshing native plugins compatible for Editor in 0.63 ms, found 0 plugins.
Preloading 0 native plugins for Editor in 0.00 ms.
Invoked RoslynAnalysisRunner static constructor.
RoslynAnalysisRunner will not be running.
RoslynAnalysisRunner has terminated.
Mono: successfully reloaded assembly
- Completed reload, in  1.254 seconds
Platform modules already initialized, skipping
Refreshing native plugins compatible for Editor in 0.62 ms, found 0 plugins.
Preloading 0 native plugins for Editor in 0.00 ms.
Unloading 1544 Unused Serialized files (Serialized files now loaded: 0)
System memory in use before: 150.0 MB.
System memory in use after: 150.0 MB.

Unloading 26 unused Assets to reduce memory usage. Loaded Objects now: 2085.
Total: 2.550000 ms (FindLiveObjects: 0.217000 ms CreateObjectMapping: 0.130900 ms MarkObjects: 2.111800 ms  DeleteObjects: 0.088800 ms)

========================================================================
Received Prepare
Registering precompiled user dll's ...
Registered in 0.004659 seconds.
Begin MonoManager ReloadAssembly
Native extension for WindowsStandalone target not found
Refreshing native plugins compatible for Editor in 0.62 ms, found 0 plugins.
Preloading 0 native plugins for Editor in 0.00 ms.
Invoked RoslynAnalysisRunner static constructor.
RoslynAnalysisRunner will not be running.
RoslynAnalysisRunner has terminated.
Mono: successfully reloaded assembly
- Completed reload, in  1.299 seconds
Platform modules already initialized, skipping
Refreshing native plugins compatible for Editor in 0.60 ms, found 0 plugins.
Preloading 0 native plugins for Editor in 0.00 ms.
Unloading 1544 Unused Serialized files (Serialized files now loaded: 0)
System memory in use before: 150.0 MB.
System memory in use after: 150.1 MB.

Unloading 26 unused Assets to reduce memory usage. Loaded Objects now: 2087.
Total: 2.299000 ms (FindLiveObjects: 0.220700 ms CreateObjectMapping: 0.099800 ms MarkObjects: 1.891300 ms  DeleteObjects: 0.085300 ms)

========================================================================
Received Prepare
Registering precompiled user dll's ...
Registered in 0.004739 seconds.
Begin MonoManager ReloadAssembly
Native extension for WindowsStandalone target not found
Refreshing native plugins compatible for Editor in 0.59 ms, found 0 plugins.
Preloading 0 native plugins for Editor in 0.00 ms.
Invoked RoslynAnalysisRunner static constructor.
RoslynAnalysisRunner will not be running.
RoslynAnalysisRunner has terminated.
Mono: successfully reloaded assembly
- Completed reload, in  1.254 seconds
Platform modules already initialized, skipping
Refreshing native plugins compatible for Editor in 0.60 ms, found 0 plugins.
Preloading 0 native plugins for Editor in 0.00 ms.
Unloading 1544 Unused Serialized files (Serialized files now loaded: 0)
System memory in use before: 150.0 MB.
System memory in use after: 150.1 MB.

Unloading 26 unused Assets to reduce memory usage. Loaded Objects now: 2089.
Total: 2.721000 ms (FindLiveObjects: 0.266000 ms CreateObjectMapping: 0.147200 ms MarkObjects: 2.215900 ms  DeleteObjects: 0.090300 ms)

========================================================================
Received Prepare
Registering precompiled user dll's ...
Registered in 0.005186 seconds.
Begin MonoManager ReloadAssembly
Native extension for WindowsStandalone target not found
Refreshing native plugins compatible for Editor in 0.62 ms, found 0 plugins.
Preloading 0 native plugins for Editor in 0.00 ms.
Invoked RoslynAnalysisRunner static constructor.
RoslynAnalysisRunner will not be running.
RoslynAnalysisRunner has terminated.
Mono: successfully reloaded assembly
- Completed reload, in  1.277 seconds
Platform modules already initialized, skipping
Refreshing native plugins compatible for Editor in 1.14 ms, found 0 plugins.
Preloading 0 native plugins for Editor in 0.00 ms.
Unloading 1544 Unused Serialized files (Serialized files now loaded: 0)
System memory in use before: 150.0 MB.
System memory in use after: 150.1 MB.

Unloading 26 unused Assets to reduce memory usage. Loaded Objects now: 2091.
Total: 3.019300 ms (FindLiveObjects: 0.253800 ms CreateObjectMapping: 0.146100 ms MarkObjects: 2.510200 ms  DeleteObjects: 0.099000 ms)

========================================================================
Received Prepare
Registering precompiled user dll's ...
Registered in 0.005178 seconds.
Begin MonoManager ReloadAssembly
Native extension for WindowsStandalone target not found
Refreshing native plugins compatible for Editor in 0.60 ms, found 0 plugins.
Preloading 0 native plugins for Editor in 0.00 ms.
Invoked RoslynAnalysisRunner static constructor.
RoslynAnalysisRunner will not be running.
RoslynAnalysisRunner has terminated.
Mono: successfully reloaded assembly
- Completed reload, in  1.563 seconds
Platform modules already initialized, skipping
Refreshing native plugins compatible for Editor in 0.62 ms, found 0 plugins.
Preloading 0 native plugins for Editor in 0.00 ms.
Unloading 1544 Unused Serialized files (Serialized files now loaded: 0)
System memory in use before: 150.0 MB.
System memory in use after: 150.1 MB.

Unloading 26 unused Assets to reduce memory usage. Loaded Objects now: 2093.
Total: 2.246000 ms (FindLiveObjects: 0.208400 ms CreateObjectMapping: 0.075200 ms MarkObjects: 1.866500 ms  DeleteObjects: 0.094300 ms)

========================================================================
Received Prepare
Registering precompiled user dll's ...
Registered in 0.006197 seconds.
Begin MonoManager ReloadAssembly
Native extension for WindowsStandalone target not found
Refreshing native plugins compatible for Editor in 0.61 ms, found 0 plugins.
Preloading 0 native plugins for Editor in 0.00 ms.
Invoked RoslynAnalysisRunner static constructor.
RoslynAnalysisRunner will not be running.
RoslynAnalysisRunner has terminated.
Mono: successfully reloaded assembly
- Completed reload, in  1.262 seconds
Platform modules already initialized, skipping
Refreshing native plugins compatible for Editor in 0.61 ms, found 0 plugins.
Preloading 0 native plugins for Editor in 0.00 ms.
Unloading 1544 Unused Serialized files (Serialized files now loaded: 0)
System memory in use before: 150.0 MB.
System memory in use after: 150.1 MB.

Unloading 26 unused Assets to reduce memory usage. Loaded Objects now: 2095.
Total: 2.762900 ms (FindLiveObjects: 0.277400 ms CreateObjectMapping: 0.194200 ms MarkObjects: 2.189100 ms  DeleteObjects: 0.100200 ms)

========================================================================
Received Prepare
Registering precompiled user dll's ...
Registered in 0.005251 seconds.
Begin MonoManager ReloadAssembly
Native extension for WindowsStandalone target not found
Refreshing native plugins compatible for Editor in 0.59 ms, found 0 plugins.
Preloading 0 native plugins for Editor in 0.00 ms.
Invoked RoslynAnalysisRunner static constructor.
RoslynAnalysisRunner will not be running.
RoslynAnalysisRunner has terminated.
Mono: successfully reloaded assembly
- Completed reload, in  1.485 seconds
Platform modules already initialized, skipping
Refreshing native plugins compatible for Editor in 0.66 ms, found 0 plugins.
Preloading 0 native plugins for Editor in 0.00 ms.
Unloading 1544 Unused Serialized files (Serialized files now loaded: 0)
System memory in use before: 150.0 MB.
System memory in use after: 150.1 MB.

Unloading 26 unused Assets to reduce memory usage. Loaded Objects now: 2097.
Total: 2.138700 ms (FindLiveObjects: 0.196900 ms CreateObjectMapping: 0.073000 ms MarkObjects: 1.782500 ms  DeleteObjects: 0.084500 ms)

========================================================================
Received Prepare
Registering precompiled user dll's ...
Registered in 0.004868 seconds.
Begin MonoManager ReloadAssembly
Native extension for WindowsStandalone target not found
Refreshing native plugins compatible for Editor in 0.67 ms, found 0 plugins.
Preloading 0 native plugins for Editor in 0.00 ms.
Invoked RoslynAnalysisRunner static constructor.
RoslynAnalysisRunner will not be running.
RoslynAnalysisRunner has terminated.
Mono: successfully reloaded assembly
- Completed reload, in  1.405 seconds
Platform modules already initialized, skipping
Refreshing native plugins compatible for Editor in 0.60 ms, found 0 plugins.
Preloading 0 native plugins for Editor in 0.00 ms.
Unloading 1544 Unused Serialized files (Serialized files now loaded: 0)
System memory in use before: 150.0 MB.
System memory in use after: 150.1 MB.

Unloading 26 unused Assets to reduce memory usage. Loaded Objects now: 2099.
Total: 2.549700 ms (FindLiveObjects: 0.250100 ms CreateObjectMapping: 0.136100 ms MarkObjects: 2.058700 ms  DeleteObjects: 0.103300 ms)

========================================================================
Received Prepare
Registering precompiled user dll's ...
Registered in 0.004800 seconds.
Begin MonoManager ReloadAssembly
Native extension for WindowsStandalone target not found
Refreshing native plugins compatible for Editor in 0.61 ms, found 0 plugins.
Preloading 0 native plugins for Editor in 0.00 ms.
Invoked RoslynAnalysisRunner static constructor.
RoslynAnalysisRunner will not be running.
RoslynAnalysisRunner has terminated.
Mono: successfully reloaded assembly
- Completed reload, in  1.921 seconds
Platform modules already initialized, skipping
Refreshing native plugins compatible for Editor in 0.66 ms, found 0 plugins.
Preloading 0 native plugins for Editor in 0.00 ms.
Unloading 1544 Unused Serialized files (Serialized files now loaded: 0)
System memory in use before: 150.0 MB.
System memory in use after: 150.1 MB.

Unloading 26 unused Assets to reduce memory usage. Loaded Objects now: 2101.
Total: 3.171900 ms (FindLiveObjects: 0.308600 ms CreateObjectMapping: 0.280800 ms MarkObjects: 2.485600 ms  DeleteObjects: 0.094700 ms)

========================================================================
Received Prepare
Registering precompiled user dll's ...
Registered in 0.005269 seconds.
Begin MonoManager ReloadAssembly
Native extension for WindowsStandalone target not found
Refreshing native plugins compatible for Editor in 0.60 ms, found 0 plugins.
Preloading 0 native plugins for Editor in 0.00 ms.
Invoked RoslynAnalysisRunner static constructor.
RoslynAnalysisRunner will not be running.
RoslynAnalysisRunner has terminated.
Mono: successfully reloaded assembly
- Completed reload, in  1.311 seconds
Platform modules already initialized, skipping
Refreshing native plugins compatible for Editor in 0.79 ms, found 0 plugins.
Preloading 0 native plugins for Editor in 0.00 ms.
Unloading 1544 Unused Serialized files (Serialized files now loaded: 0)
System memory in use before: 150.0 MB.
System memory in use after: 150.1 MB.

Unloading 26 unused Assets to reduce memory usage. Loaded Objects now: 2103.
Total: 2.515600 ms (FindLiveObjects: 0.235500 ms CreateObjectMapping: 0.093500 ms MarkObjects: 2.079600 ms  DeleteObjects: 0.104700 ms)

========================================================================
Received Prepare
Registering precompiled user dll's ...
Registered in 0.005457 seconds.
Begin MonoManager ReloadAssembly
Native extension for WindowsStandalone target not found
Refreshing native plugins compatible for Editor in 0.70 ms, found 0 plugins.
Preloading 0 native plugins for Editor in 0.00 ms.
Invoked RoslynAnalysisRunner static constructor.
RoslynAnalysisRunner will not be running.
RoslynAnalysisRunner has terminated.
Mono: successfully reloaded assembly
- Completed reload, in  1.373 seconds
Platform modules already initialized, skipping
Refreshing native plugins compatible for Editor in 0.61 ms, found 0 plugins.
Preloading 0 native plugins for Editor in 0.00 ms.
Unloading 1544 Unused Serialized files (Serialized files now loaded: 0)
System memory in use before: 150.0 MB.
System memory in use after: 150.1 MB.

Unloading 26 unused Assets to reduce memory usage. Loaded Objects now: 2105.
Total: 2.447500 ms (FindLiveObjects: 0.233000 ms CreateObjectMapping: 0.123800 ms MarkObjects: 2.003100 ms  DeleteObjects: 0.085400 ms)

========================================================================
Received Prepare
Registering precompiled user dll's ...
Registered in 0.005095 seconds.
Begin MonoManager ReloadAssembly
Native extension for WindowsStandalone target not found
Refreshing native plugins compatible for Editor in 0.63 ms, found 0 plugins.
Preloading 0 native plugins for Editor in 0.00 ms.
Invoked RoslynAnalysisRunner static constructor.
RoslynAnalysisRunner will not be running.
RoslynAnalysisRunner has terminated.
Mono: successfully reloaded assembly
- Completed reload, in  1.382 seconds
Platform modules already initialized, skipping
Refreshing native plugins compatible for Editor in 0.60 ms, found 0 plugins.
Preloading 0 native plugins for Editor in 0.00 ms.
Unloading 1544 Unused Serialized files (Serialized files now loaded: 0)
System memory in use before: 150.0 MB.
System memory in use after: 150.1 MB.

Unloading 26 unused Assets to reduce memory usage. Loaded Objects now: 2107.
Total: 4.501300 ms (FindLiveObjects: 0.757100 ms CreateObjectMapping: 0.117000 ms MarkObjects: 3.524600 ms  DeleteObjects: 0.100200 ms)

========================================================================
Received Prepare
Registering precompiled user dll's ...
Registered in 0.005389 seconds.
Begin MonoManager ReloadAssembly
Native extension for WindowsStandalone target not found
Refreshing native plugins compatible for Editor in 0.59 ms, found 0 plugins.
Preloading 0 native plugins for Editor in 0.00 ms.
Invoked RoslynAnalysisRunner static constructor.
RoslynAnalysisRunner will not be running.
RoslynAnalysisRunner has terminated.
Mono: successfully reloaded assembly
- Completed reload, in  1.254 seconds
Platform modules already initialized, skipping
Refreshing native plugins compatible for Editor in 0.60 ms, found 0 plugins.
Preloading 0 native plugins for Editor in 0.00 ms.
Unloading 1544 Unused Serialized files (Serialized files now loaded: 0)
System memory in use before: 150.0 MB.
System memory in use after: 150.1 MB.

Unloading 26 unused Assets to reduce memory usage. Loaded Objects now: 2109.
Total: 2.563700 ms (FindLiveObjects: 0.280300 ms CreateObjectMapping: 0.121100 ms MarkObjects: 2.058900 ms  DeleteObjects: 0.101700 ms)

========================================================================
Received Prepare
Registering precompiled user dll's ...
Registered in 0.008065 seconds.
Begin MonoManager ReloadAssembly
Native extension for WindowsStandalone target not found
Refreshing native plugins compatible for Editor in 1.12 ms, found 0 plugins.
Preloading 0 native plugins for Editor in 0.00 ms.
Invoked RoslynAnalysisRunner static constructor.
RoslynAnalysisRunner will not be running.
RoslynAnalysisRunner has terminated.
Mono: successfully reloaded assembly
- Completed reload, in  2.192 seconds
Platform modules already initialized, skipping
Refreshing native plugins compatible for Editor in 0.99 ms, found 0 plugins.
Preloading 0 native plugins for Editor in 0.00 ms.
Unloading 1544 Unused Serialized files (Serialized files now loaded: 0)
System memory in use before: 150.0 MB.
System memory in use after: 150.1 MB.

Unloading 26 unused Assets to reduce memory usage. Loaded Objects now: 2111.
Total: 3.725300 ms (FindLiveObjects: 0.197900 ms CreateObjectMapping: 0.243400 ms MarkObjects: 3.147700 ms  DeleteObjects: 0.134400 ms)

AssetImportWorkerClient::OnTransportError - code=2 error=End of file
